[DEBUG] - com.sujata.demo.Mylog4JExample(main)2020-12-04 10:11:48,619 - [Hello this is debug message]
[INFO] - com.sujata.demo.Mylog4JExample(main)2020-12-04 10:11:48,621 - [Hello this is info message]
[WARN] - com.sujata.demo.Mylog4JExample(main)2020-12-04 10:11:48,621 - [Hello this is warn message]
[ERROR] - com.sujata.demo.Mylog4JExample(main)2020-12-04 10:11:48,621 - [Hello this is error message]
[DEBUG] - com.sujata.demo.Mylog4JExample(main)2020-12-04 11:11:25,437 - [Hello this is debug message]
[INFO] - com.sujata.demo.Mylog4JExample(main)2020-12-04 11:11:25,440 - [Hello this is info message]
[WARN] - com.sujata.demo.Mylog4JExample(main)2020-12-04 11:11:25,440 - [Hello this is warn message]
[ERROR] - com.sujata.demo.Mylog4JExample(main)2020-12-04 11:11:25,440 - [Hello this is error message]
[DEBUG] - com.sujata.demo.Mylog4JExample(main)2020-12-04 11:12:15,615 - [Hello this is debug message]
[INFO] - com.sujata.demo.Mylog4JExample(main)2020-12-04 11:12:15,617 - [Hello this is info message]
[WARN] - com.sujata.demo.Mylog4JExample(main)2020-12-04 11:12:15,618 - [Hello this is warn message]
[ERROR] - com.sujata.demo.Mylog4JExample(main)2020-12-04 11:12:15,618 - [Hello this is error message]
[DEBUG] - com.sujata.demo.Mylog4JExample(main)2020-12-04 11:12:31,292 - [Hello this is debug message]
[INFO] - com.sujata.demo.Mylog4JExample(main)2020-12-04 11:12:31,294 - [Hello this is info message]
[WARN] - com.sujata.demo.Mylog4JExample(main)2020-12-04 11:12:31,294 - [Hello this is warn message]
[ERROR] - com.sujata.demo.Mylog4JExample(main)2020-12-04 11:12:31,294 - [Hello this is error message]
[DEBUG] - com.sujata.demo.Mylog4JExample(main)2020-12-04 11:13:22,902 - [Hello this is debug message]
[INFO] - com.sujata.demo.Mylog4JExample(main)2020-12-04 11:13:22,904 - [Hello this is info message]
[WARN] - com.sujata.demo.Mylog4JExample(main)2020-12-04 11:13:22,905 - [Hello this is warn message]
[ERROR] - com.sujata.demo.Mylog4JExample(main)2020-12-04 11:13:22,905 - [Hello this is error message]
2020-12-04 12:29:19 DEBUG Mylog4JExample:14 - Hello this is debug message
2020-12-04 12:29:19 INFO  Mylog4JExample:16 - Hello this is info message
2020-12-04 12:29:19 WARN  Mylog4JExample:17 - Hello this is warn message
2020-12-04 12:29:19 ERROR Mylog4JExample:18 - Hello this is error message
